{
        "./cachefiles/test.txt": [
                [
                        "2015-10-23 17:40:07 +1300"
                ]
        ], 
        "./cachefiles/join.txt": [
                [
                        "2015-10-23 17:37:50 +1300"
                ]
        ], 
        "./cachefiles/small.txt": [
                [
                        "2015-10-23 17:37:31 +1300"
                ]
        ], 
        "./cachefiles/image.gif": [
                [
                        "2015-10-23 17:40:10 +1300"
                ]
        ]
}