... N=4, V0=0, F=1, L=2
...
... 1: <Nid=1, SortedNeighDelay=(1:0, 2:1100, 3:1100, 4:1100), Initial=0, IsByz=True, ByzMsgs=[; 2, 0, 1, 1; 222, 222, 222, 222]>
... 2: <Nid=2, SortedNeighDelay=(1:1200, 2:0, 3:1200, 4:1200), Initial=0, IsByz=False, ByzMsgs=[]>
... 3: <Nid=3, SortedNeighDelay=(1:1400, 2:1400, 3:0, 4:1400), Initial=1, IsByz=False, ByzMsgs=[]>
... 4: <Nid=4, SortedNeighDelay=(1:1800, 2:1800, 3:1800, 4:0), Initial=1, IsByz=False, ByzMsgs=[]>
1 -> [1, 2] -> 1:0
2 -> [1, 0] -> 2:0
3 -> [1, 1] -> 3:0
4 -> [1, 1] -> 4:0
1 -> [1, 0] -> 2:1100
1 -> [1, 1] -> 3:1100
1 -> [1, 1] -> 4:1100
2 -> [1, 0] -> 4:1200
2 -> [1, 0] -> 3:1200
2 -> [1, 0] -> 1:1200
3 -> [1, 1] -> 4:1400
... EigValues Round=1, Nid=4: 1011
4 -> [2, 101] -> 4:0
3 -> [1, 1] -> 2:1400
3 -> [1, 1] -> 1:1400
4 -> [1, 1] -> 3:1800
... EigValues Round=1, Nid=3: 1011
3 -> [2, 101] -> 3:0
4 -> [1, 1] -> 2:1800
... EigValues Round=1, Nid=2: 0011
2 -> [2, 011] -> 2:0
4 -> [1, 1] -> 1:1800
... EigValues Round=1, Nid=1: 2011
1 -> [2, 222] -> 1:0
1 -> [2, 222] -> 4:1100
1 -> [2, 222] -> 3:1100
1 -> [2, 222] -> 2:1100
2 -> [2, 011] -> 3:1200
2 -> [2, 011] -> 4:1200
2 -> [2, 011] -> 1:1200
3 -> [2, 101] -> 4:1400
... EigValues Round=2, Nid=4: 011200211211
... EigNewValues round=2, Nid=4: 011000011011
... EigNewValues round=1, Nid=4: 1011
... EigNewValues round=0, Nid=4: 1
3 -> [2, 101] -> 2:1400
3 -> [2, 101] -> 1:1400
4 -> [2, 101] -> 2:1800
4 -> [2, 101] -> 3:1800
... EigValues Round=2, Nid=3: 011200211211
... EigNewValues round=2, Nid=3: 011000011011
... EigNewValues round=1, Nid=3: 1011
... EigNewValues round=0, Nid=3: 1
4 -> [2, 101] -> 1:1800
... EigValues Round=2, Nid=2: 011200211211
... EigNewValues round=2, Nid=2: 011000011011
... EigValues Round=2, Nid=1: 011200211211
... EigNewValues round=2, Nid=1: 011000011011
... EigNewValues round=1, Nid=1: 1011
... EigNewValues round=0, Nid=1: 1
... EigNewValues round=1, Nid=2: 1011
... EigNewValues round=0, Nid=2: 1
1: *
2: 1
3: 1
4: 1
total time 3378 ms
node count 4
edge count 10
message count 32
