... N=7, V0=0, F=2, L=3
...
...
... 1: <Nid=1, SortedNeighDelay=(1:0, 2:1000, 3:1000, 4:1000, 5:1000, 6:1000, 7:1000), Initial=0, IsByz=True, ByzMsgs=[; 1, 0, 1, 0, 1, 0, 1; 111111, 111111, 111111, 111111, 111111, 222222, 111111; 011101111010110101101011010111, 011101111010110101101011010111, 100100100100100100000101010111, 100100100100100100000101010111, 100100100100100100000101010111, 100100100100100100000101010111, 100100100100100100000101010111]>
... 2: <Nid=2, SortedNeighDelay=(1:1000, 2:0, 3:1000, 4:1000, 5:1000, 6:1000, 7:1000), Initial=0, IsByz=False, ByzMsgs=[]>
... 3: <Nid=3, SortedNeighDelay=(1:1000, 2:1000, 3:0, 4:1000, 5:1000, 6:1000, 7:1000), Initial=1, IsByz=False, ByzMsgs=[]>
... 4: <Nid=4, SortedNeighDelay=(1:1000, 2:1000, 3:1000, 4:0, 5:1000, 6:1000, 7:1000), Initial=0, IsByz=True, ByzMsgs=[; 1, 0, 0, 0, 1, 0, 1; 100010, 010010, 101010, 111111, 000111, 010110, 101010; 100100100100100111110101010111, 100100100100100111111101010111, 011101111010110101101011010111, 100100100100100100000101010111, 100100100100100100000101010111, 100100100100100100000101010111, 100100100100100100000101010111]>
... 5: <Nid=5, SortedNeighDelay=(1:1000, 2:1000, 3:1000, 4:1000, 5:0, 6:1000, 7:1000), Initial=1, IsByz=False, ByzMsgs=[]>
... 6: <Nid=6, SortedNeighDelay=(1:1000, 2:1000, 3:1000, 4:1000, 5:1000, 6:0, 7:1000), Initial=1, IsByz=False, ByzMsgs=[]>
... 7: <Nid=7, SortedNeighDelay=(1:1000, 2:1000, 3:1000, 4:1000, 5:1000, 6:1000, 7:0), Initial=1, IsByz=False, ByzMsgs=[]>
1 -> [1, 1] -> 1:0
2 -> [1, 0] -> 2:0
3 -> [1, 1] -> 3:0
4 -> [1, 0] -> 4:0
5 -> [1, 1] -> 5:0
6 -> [1, 1] -> 6:0
7 -> [1, 1] -> 7:0
1 -> [1, 0] -> 2:1000
1 -> [1, 0] -> 6:1000
1 -> [1, 1] -> 5:1000
1 -> [1, 0] -> 4:1000
1 -> [1, 1] -> 3:1000
1 -> [1, 1] -> 7:1000
2 -> [1, 0] -> 7:1000
2 -> [1, 0] -> 6:1000
2 -> [1, 0] -> 5:1000
2 -> [1, 0] -> 4:1000
2 -> [1, 0] -> 3:1000
3 -> [1, 1] -> 1:1000
2 -> [1, 0] -> 1:1000
7 -> [1, 1] -> 6:1000
7 -> [1, 1] -> 4:1000
7 -> [1, 1] -> 5:1000
7 -> [1, 1] -> 3:1000
7 -> [1, 1] -> 2:1000
6 -> [1, 1] -> 7:1000
7 -> [1, 1] -> 1:1000
6 -> [1, 1] -> 5:1000
6 -> [1, 1] -> 4:1000
6 -> [1, 1] -> 3:1000
6 -> [1, 1] -> 2:1000
6 -> [1, 1] -> 1:1000
5 -> [1, 1] -> 7:1000
5 -> [1, 1] -> 6:1000
5 -> [1, 1] -> 4:1000
5 -> [1, 1] -> 2:1000
5 -> [1, 1] -> 3:1000
5 -> [1, 1] -> 1:1000
4 -> [1, 1] -> 7:1000
4 -> [1, 0] -> 6:1000
4 -> [1, 1] -> 5:1000
4 -> [1, 0] -> 2:1000
4 -> [1, 1] -> 1:1000
4 -> [1, 0] -> 3:1000
3 -> [1, 1] -> 7:1000
3 -> [1, 1] -> 6:1000
3 -> [1, 1] -> 5:1000
... EigValues Round=1, Nid=1: 1011111
... EigValues Round=1, Nid=7: 1011111
1 -> [2, 111111] -> 1:0
7 -> [2, 101111] -> 7:0
3 -> [1, 1] -> 4:1000
... EigValues Round=1, Nid=4: 0010111
3 -> [1, 1] -> 2:1000
... EigValues Round=1, Nid=2: 0010111
... EigValues Round=1, Nid=3: 1010111
2 -> [2, 010111] -> 2:0
3 -> [2, 100111] -> 3:0
4 -> [2, 111111] -> 4:0
... EigValues Round=1, Nid=6: 0010111
... EigValues Round=1, Nid=5: 1011111
6 -> [2, 001011] -> 6:0
5 -> [2, 101111] -> 5:0
5 -> [2, 101111] -> 6:1000
5 -> [2, 101111] -> 7:1000
5 -> [2, 101111] -> 4:1000
5 -> [2, 101111] -> 3:1000
5 -> [2, 101111] -> 2:1000
5 -> [2, 101111] -> 1:1000
6 -> [2, 001011] -> 7:1000
6 -> [2, 001011] -> 5:1000
6 -> [2, 001011] -> 4:1000
6 -> [2, 001011] -> 3:1000
6 -> [2, 001011] -> 2:1000
3 -> [2, 100111] -> 7:1000
6 -> [2, 001011] -> 1:1000
3 -> [2, 100111] -> 6:1000
3 -> [2, 100111] -> 4:1000
3 -> [2, 100111] -> 2:1000
3 -> [2, 100111] -> 1:1000
2 -> [2, 010111] -> 7:1000
3 -> [2, 100111] -> 5:1000
2 -> [2, 010111] -> 5:1000
2 -> [2, 010111] -> 4:1000
2 -> [2, 010111] -> 3:1000
2 -> [2, 010111] -> 6:1000
2 -> [2, 010111] -> 1:1000
4 -> [2, 101010] -> 7:1000
4 -> [2, 000111] -> 5:1000
4 -> [2, 010110] -> 6:1000
4 -> [2, 010010] -> 2:1000
7 -> [2, 101111] -> 6:1000
4 -> [2, 100010] -> 1:1000
7 -> [2, 101111] -> 5:1000
7 -> [2, 101111] -> 4:1000
7 -> [2, 101111] -> 2:1000
7 -> [2, 101111] -> 1:1000
1 -> [2, 111111] -> 7:1000
... EigValues Round=2, Nid=1: 011101100000110111100101111011111111111011
1 -> [3, 011101111010110101101011010111] -> 1:0
1 -> [2, 222222] -> 6:1000
4 -> [2, 101010] -> 3:1000
... EigValues Round=2, Nid=6: 010101201000210111200101211111211111211011
7 -> [2, 101111] -> 3:1000
1 -> [2, 111111] -> 5:1000
6 -> [3, 010112010021011200112111121101] -> 6:0
... EigValues Round=2, Nid=7: 011101100000111111100101111011111111111011
... EigValues Round=2, Nid=5: 010101100000110111100101111111111111111111
7 -> [3, 011101000011111100101110111111] -> 7:0
5 -> [3, 010011000011011100011111111111] -> 5:0
1 -> [2, 111111] -> 4:1000
1 -> [2, 111111] -> 3:1000
... EigValues Round=2, Nid=4: 011101101000111111100101111111111111111111
... EigValues Round=2, Nid=3: 011101100000111111100101111011111111111011
1 -> [2, 111111] -> 2:1000
4 -> [3, 100100100100100100000101010111] -> 4:0
... EigValues Round=2, Nid=2: 010101101000110111100101111011111111111011
2 -> [3, 101011011110101110111111111011] -> 2:0
3 -> [3, 011011000010101110111111111011] -> 3:0
2 -> [3, 101011011110101110111111111011] -> 4:1000
2 -> [3, 101011011110101110111111111011] -> 5:1000
2 -> [3, 101011011110101110111111111011] -> 3:1000
2 -> [3, 101011011110101110111111111011] -> 1:1000
4 -> [3, 100100100100100100000101010111] -> 7:1000
3 -> [3, 011011000010101110111111111011] -> 5:1000
3 -> [3, 011011000010101110111111111011] -> 4:1000
4 -> [3, 100100100100100100000101010111] -> 5:1000
3 -> [3, 011011000010101110111111111011] -> 2:1000
4 -> [3, 011101111010110101101011010111] -> 3:1000
3 -> [3, 011011000010101110111111111011] -> 1:1000
4 -> [3, 100100100100100111111101010111] -> 2:1000
4 -> [3, 100100100100100111110101010111] -> 1:1000
5 -> [3, 010011000011011100011111111111] -> 7:1000
5 -> [3, 010011000011011100011111111111] -> 4:1000
5 -> [3, 010011000011011100011111111111] -> 3:1000
5 -> [3, 010011000011011100011111111111] -> 2:1000
5 -> [3, 010011000011011100011111111111] -> 1:1000
7 -> [3, 011101000011111100101110111111] -> 5:1000
7 -> [3, 011101000011111100101110111111] -> 4:1000
7 -> [3, 011101000011111100101110111111] -> 3:1000
7 -> [3, 011101000011111100101110111111] -> 2:1000
7 -> [3, 011101000011111100101110111111] -> 1:1000
6 -> [3, 010112010021011200112111121101] -> 7:1000
6 -> [3, 010112010021011200112111121101] -> 5:1000
6 -> [3, 010112010021011200112111121101] -> 4:1000
6 -> [3, 010112010021011200112111121101] -> 3:1000
6 -> [3, 010112010021011200112111121101] -> 2:1000
6 -> [3, 010112010021011200112111121101] -> 1:1000
1 -> [3, 100100100100100100000101010111] -> 7:1000
... EigValues Round=3, Nid=1: 010001011101001110110010011011101210100010010100001000000100101211011110001111111101101011111211000000000111111000001111111211111101111100101111101111110111111101011111111111101101111121101101111100101111111111
... EigNewValues round=3, Nid=1: 010001011101001110110010011011101010100010010100001000000100101011011110001111111101101011111011000000000111111000001111111011111101111100101111101111110111111101011111111111101101111101101101111100101111111111
1 -> [3, 100100100100100100000101010111] -> 5:1000
... EigNewValues round=2, Nid=1: 010101100000110111100101111011111111111011
... EigNewValues round=1, Nid=1: 0010111
... EigNewValues round=0, Nid=1: 1
1 -> [3, 100100100100100100000101010111] -> 4:1000
... EigValues Round=3, Nid=5: 010001011101001110110010011011101211100000010000001000000100101210011110001011110101111011111210000000000111110000001111111211101101011000100110101101110110111111011011111111101101111121101101111100101111111111
... EigNewValues round=3, Nid=5: 010001011101001110110010011011101011100000010000001000000100101010011110001011110101111011111010000000000111110000001111111011101101011000100110101101110110111111011011111111101101111101101101111100101111111111
... EigNewValues round=2, Nid=5: 010101100000110111100101111011111111111011
... EigNewValues round=1, Nid=5: 0010111
... EigNewValues round=0, Nid=5: 1
... EigValues Round=3, Nid=4: 010001011101001110110010011011101211100000010000001000000100101210011110001011110101111011111210000000000111110000001111111211101101011000100110101101110110111111011011111111101101111121101101111100101111111111
... EigNewValues round=3, Nid=4: 010001011101001110110010011011101011100000010000001000000100101010011110001011110101111011111010000000000111110000001111111011101101011000100110101101110110111111011011111111101101111101101101111100101111111111
... EigNewValues round=2, Nid=4: 010101100000110111100101111011111111111011
... EigNewValues round=1, Nid=4: 0010111
... EigNewValues round=0, Nid=4: 1
1 -> [3, 011101111010110101101011010111] -> 2:1000
1 -> [3, 100100100100100100000101010111] -> 3:1000
... EigValues Round=3, Nid=2: 010001011101001110110010011011101210100010010100001000000100101211011110001111111101101011111211000000000111111000001111111211111101111100101111101111111111111101011111111111101101111121101101111100101111111111
... EigValues Round=3, Nid=3: 000001111101001111110010011011111211100000010001001010000000111210011110001011110111111011111210000000000111110000001111111211101101111000100111101101111110101111111011111111101101111121101101111100101111111111
... EigNewValues round=3, Nid=2: 010001011101001110110010011011101010100010010100001000000100101011011110001111111101101011111011000000000111111000001111111011111101111100101111101111111111111101011111111111101101111101101101111100101111111111
... EigNewValues round=2, Nid=2: 010101100000110111100101111011111111111011
... EigNewValues round=3, Nid=3: 000001111101001111110010011011111011100000010001001010000000111010011110001011110111111011111010000000000111110000001111111011101101111000100111101101111110101111111011111111101101111101101101111100101111111111
... EigNewValues round=2, Nid=3: 010101100000110111100101111011111111111011
... EigNewValues round=1, Nid=3: 0010111
... EigNewValues round=0, Nid=3: 1
... EigNewValues round=1, Nid=2: 0010111
... EigNewValues round=0, Nid=2: 1
2 -> [3, 101011011110101110111111111011] -> 6:1000
3 -> [3, 011011000010101110111111111011] -> 6:1000
4 -> [3, 100100100100100100000101010111] -> 6:1000
2 -> [3, 101011011110101110111111111011] -> 7:1000
5 -> [3, 010011000011011100011111111111] -> 6:1000
7 -> [3, 011101000011111100101110111111] -> 6:1000
1 -> [3, 100100100100100100000101010111] -> 6:1000
... EigValues Round=3, Nid=6: 010001011101001110110010011011101211100000010000001000000100101210011110001011110101111011111210000000000111110000001111111211101101011000100110101101110110111111011011111111101101111121101101111100101111111111
... EigNewValues round=3, Nid=6: 010001011101001110110010011011101011100000010000001000000100101010011110001011110101111011111010000000000111110000001111111011101101011000100110101101110110111111011011111111101101111101101101111100101111111111
... EigNewValues round=2, Nid=6: 010101100000110111100101111011111111111011
... EigNewValues round=1, Nid=6: 0010111
... EigNewValues round=0, Nid=6: 1
3 -> [3, 011011000010101110111111111011] -> 7:1000
... EigValues Round=3, Nid=7: 010001011101001110110010011011101211100000010000001000000100101210011110001011110101111011111210000000000111110000001111111211101101011000100110101101110110111111011011111111101101111121101101111100101111111111
... EigNewValues round=3, Nid=7: 010001011101001110110010011011101011100000010000001000000100101010011110001011110101111011111010000000000111110000001111111011101101011000100110101101110110111111011011111111101101111101101101111100101111111111
... EigNewValues round=2, Nid=7: 010101100000110111100101111011111111111011
... EigNewValues round=1, Nid=7: 0010111
... EigNewValues round=0, Nid=7: 1
1: *
2: 1
3: 1
4: *
5: 1
6: 1
7: 1
total time 3227 ms
node count 7
edge count 28
message count 147
