... N=4, V0=0, F=1, L=2
...
... 1: <Nid=1, SortedNeighDelay=(1:0, 2:1100, 3:1100, 4:1100), Initial=0, IsByz=True, ByzMsgs=[; 0, 0, 0, 1; 011, 011, 111, 211]>
... 2: <Nid=2, SortedNeighDelay=(1:1200, 2:0, 3:1200, 4:1200), Initial=0, IsByz=False, ByzMsgs=[]>
... 3: <Nid=3, SortedNeighDelay=(1:1400, 2:1400, 3:0, 4:1400), Initial=1, IsByz=False, ByzMsgs=[]>
... 4: <Nid=4, SortedNeighDelay=(1:4800, 2:1800, 3:1800, 4:0), Initial=1, IsByz=False, ByzMsgs=[]>
1 -> [1, 0] -> 1:0
2 -> [1, 0] -> 2:0
3 -> [1, 1] -> 3:0
4 -> [1, 1] -> 4:0
1 -> [1, 0] -> 3:1100
1 -> [1, 0] -> 2:1100
1 -> [1, 1] -> 4:1100
2 -> [1, 0] -> 4:1200
2 -> [1, 0] -> 3:1200
2 -> [1, 0] -> 1:1200
3 -> [1, 1] -> 2:1400
3 -> [1, 1] -> 1:1400
3 -> [1, 1] -> 4:1400
... EigValues Round=1, Nid=4: 1011
4 -> [2, 101] -> 4:0
4 -> [1, 1] -> 3:1800
4 -> [1, 1] -> 2:1800
... EigValues Round=1, Nid=2: 0011
... EigValues Round=1, Nid=3: 0011
2 -> [2, 011] -> 2:0
3 -> [2, 001] -> 3:0
2 -> [2, 011] -> 4:1200
2 -> [2, 011] -> 3:1200
2 -> [2, 011] -> 1:1200
... 2 -> [2, 011] -> 1 +++
3 -> [2, 001] -> 2:1400
3 -> [2, 001] -> 4:1400
3 -> [2, 001] -> 1:1400
4 -> [2, 101] -> 3:1800
... 3 -> [2, 001] -> 1 +++
4 -> [2, 101] -> 2:1800
4 -> [1, 1] -> 1:4800
... EigValues Round=1, Nid=1: 0011
... 2 -> [2, 011] -> 1 ---
... 3 -> [2, 001] -> 1 ---
1 -> [2, 011] -> 1:0
1 -> [2, 211] -> 4:1100
1 -> [2, 111] -> 3:1100
... EigValues Round=2, Nid=4: 001200111111
... EigNewValues round=2, Nid=4: 001000111111
... EigNewValues round=1, Nid=4: 0011
... EigNewValues round=0, Nid=4: 0
... EigValues Round=2, Nid=3: 001100111111
... EigNewValues round=2, Nid=3: 001100111111
... EigNewValues round=1, Nid=3: 0011
... EigNewValues round=0, Nid=3: 0
1 -> [2, 011] -> 2:1100
... EigValues Round=2, Nid=2: 001000111111
... EigNewValues round=2, Nid=2: 001000111111
... EigNewValues round=1, Nid=2: 0011
... EigNewValues round=0, Nid=2: 0
4 -> [2, 101] -> 1:4800
... EigValues Round=2, Nid=1: 001000111111
... EigNewValues round=2, Nid=1: 001000111111
... EigNewValues round=1, Nid=1: 0011
... EigNewValues round=0, Nid=1: 0
1: *
2: 0
3: 0
4: 0
total time 6387 ms
node count 4
edge count 10
message count 32
